{
  "RSpec": {
    "coverage": {
      "/Users/lbjork/Desktop/mario-coffee/config/environment.rb": [
        null,
        1,
        null,
        null,
        1
      ],
      "/Users/lbjork/Desktop/mario-coffee/config/application.rb": [
        1,
        null,
        1,
        null,
        1,
        1,
        1,
        1,
        1,
        1,
        1,
        1,
        1,
        1,
        null,
        null,
        null,
        null,
        1,
        null,
        1,
        1,
        null,
        1,
        null,
        null,
        null,
        null,
        null,
        null,
        null,
        1,
        null,
        null
      ],
      "/Users/lbjork/Desktop/mario-coffee/config/boot.rb": [
        1,
        null,
        1,
        1
      ],
      "/Users/lbjork/Desktop/mario-coffee/config/environments/test.rb": [
        1,
        null,
        null,
        null,
        null,
        null,
        null,
        1,
        null,
        null,
        null,
        null,
        1,
        null,
        null,
        1,
        1,
        null,
        null,
        null,
        null,
        1,
        1,
        null,
        null,
        1,
        null,
        null,
        1,
        null,
        null,
        1,
        null,
        1,
        null,
        null,
        null,
        null,
        1,
        null,
        null,
        1,
        null,
        null,
        null,
        null
      ],
      "/Users/lbjork/Desktop/mario-coffee/config/initializers/application_controller_renderer.rb": [
        null,
        null,
        null,
        null,
        null,
        null,
        null,
        null
      ],
      "/Users/lbjork/Desktop/mario-coffee/config/initializers/assets.rb": [
        null,
        null,
        null,
        1,
        null,
        null,
        null,
        null,
        1,
        null,
        null,
        null,
        null,
        null
      ],
      "/Users/lbjork/Desktop/mario-coffee/config/initializers/backtrace_silencers.rb": [
        null,
        null,
        null,
        null,
        null,
        null,
        null
      ],
      "/Users/lbjork/Desktop/mario-coffee/config/initializers/content_security_policy.rb": [
        null,
        null,
        null,
        null,
        null,
        null,
        null,
        null,
        null,
        null,
        null,
        null,
        null,
        null,
        null,
        null,
        null,
        null,
        null,
        null,
        null,
        null,
        null,
        null,
        null
      ],
      "/Users/lbjork/Desktop/mario-coffee/config/initializers/cookies_serializer.rb": [
        null,
        null,
        null,
        null,
        1
      ],
      "/Users/lbjork/Desktop/mario-coffee/config/initializers/filter_parameter_logging.rb": [
        null,
        null,
        null,
        1
      ],
      "/Users/lbjork/Desktop/mario-coffee/config/initializers/inflections.rb": [
        null,
        null,
        null,
        null,
        null,
        null,
        null,
        null,
        null,
        null,
        null,
        null,
        null,
        null,
        null,
        null
      ],
      "/Users/lbjork/Desktop/mario-coffee/config/initializers/mime_types.rb": [
        null,
        null,
        null,
        null
      ],
      "/Users/lbjork/Desktop/mario-coffee/config/initializers/wrap_parameters.rb": [
        null,
        null,
        null,
        null,
        null,
        null,
        1,
        2,
        null,
        null,
        null,
        null,
        null,
        null
      ],
      "/Users/lbjork/Desktop/mario-coffee/app/channels/application_cable/channel.rb": [
        1,
        1,
        null,
        null
      ],
      "/Users/lbjork/Desktop/mario-coffee/app/channels/application_cable/connection.rb": [
        1,
        1,
        null,
        null
      ],
      "/Users/lbjork/Desktop/mario-coffee/app/controllers/application_controller.rb": [
        1,
        1,
        1,
        null,
        1,
        27,
        22,
        null,
        null,
        null,
        1,
        4,
        0,
        0,
        null,
        null,
        null,
        1,
        4,
        0,
        4,
        0,
        null,
        4,
        null,
        null,
        null,
        1,
        0,
        0,
        0,
        null,
        null,
        null
      ],
      "/Users/lbjork/Desktop/mario-coffee/app/helpers/application_helper.rb": [
        1,
        null
      ],
      "/Users/lbjork/Desktop/mario-coffee/app/controllers/products_controller.rb": [
        1,
        1,
        null,
        1,
        12,
        12,
        0,
        12,
        0,
        12,
        0,
        null,
        12,
        null,
        12,
        null,
        null,
        1,
        2,
        2,
        null,
        null,
        null,
        1,
        2,
        2,
        1,
        1,
        null,
        1,
        null,
        null,
        null,
        1,
        0,
        0,
        null,
        null,
        1,
        0,
        0,
        null,
        null,
        1,
        0,
        0,
        0,
        null,
        0,
        null,
        null,
        null,
        1,
        0,
        0,
        0,
        0,
        null,
        null,
        1,
        1,
        2,
        null,
        null
      ],
      "/Users/lbjork/Desktop/mario-coffee/app/controllers/reviews_controller.rb": [
        1,
        1,
        null,
        1,
        0,
        0,
        0,
        null,
        null,
        1,
        0,
        0,
        0,
        0,
        0,
        null,
        0,
        null,
        null,
        null,
        1,
        0,
        0,
        0,
        null,
        null,
        1,
        0,
        0,
        0,
        null,
        null,
        1,
        0,
        0,
        0,
        0,
        null,
        null,
        1,
        1,
        0,
        null,
        null,
        null,
        null
      ],
      "/Users/lbjork/Desktop/mario-coffee/app/controllers/sessions_controller.rb": [
        1,
        1,
        2,
        2,
        1,
        1,
        1,
        null,
        1,
        1,
        null,
        null,
        null,
        1,
        1,
        1,
        1,
        null,
        null
      ],
      "/Users/lbjork/Desktop/mario-coffee/app/controllers/users_controller.rb": [
        1,
        1,
        null,
        null,
        1,
        null,
        6,
        null,
        null,
        1,
        null,
        5,
        5,
        4,
        4,
        4,
        null,
        1,
        1,
        null,
        null,
        null,
        1,
        null,
        1,
        5,
        null,
        null
      ],
      "/Users/lbjork/Desktop/mario-coffee/app/jobs/application_job.rb": [
        1,
        null
      ],
      "/Users/lbjork/Desktop/mario-coffee/app/mailers/application_mailer.rb": [
        1,
        1,
        1,
        null
      ],
      "/Users/lbjork/Desktop/mario-coffee/app/models/application_record.rb": [
        1,
        1,
        null
      ],
      "/Users/lbjork/Desktop/mario-coffee/app/models/product.rb": [
        1,
        1,
        1,
        1,
        1,
        null,
        1,
        null,
        1,
        null,
        1,
        null,
        1,
        0,
        null,
        null,
        null,
        null,
        null,
        null,
        1,
        1,
        2,
        null,
        null,
        null
      ],
      "/Users/lbjork/Desktop/mario-coffee/app/models/review.rb": [
        1,
        1,
        1,
        1,
        1,
        1,
        1,
        1,
        1,
        null
      ],
      "/Users/lbjork/Desktop/mario-coffee/app/models/user.rb": [
        1,
        null,
        1,
        1,
        1,
        1,
        1,
        1,
        1,
        null,
        1,
        null,
        4,
        4,
        null,
        null,
        1,
        null,
        2,
        2,
        1,
        null,
        null,
        null,
        null,
        null
      ],
      "/Users/lbjork/Desktop/mario-coffee/config/routes.rb": [
        1,
        1,
        1,
        null,
        null,
        1,
        null,
        1,
        1,
        null,
        1,
        1,
        1,
        null,
        1,
        1,
        1,
        1,
        null
      ],
      "/Users/lbjork/Desktop/mario-coffee/spec/features/add_product_pages_spec.rb": [
        1,
        null,
        1,
        3,
        1,
        2,
        2,
        2,
        2,
        2,
        2,
        2,
        2,
        null,
        1,
        1,
        1,
        1,
        1,
        1,
        1,
        1,
        1,
        null,
        null,
        1,
        1,
        1,
        1,
        1,
        1,
        null,
        null
      ],
      "/Users/lbjork/Desktop/mario-coffee/spec/features/sign_in_user_pages_spec.rb": [
        1,
        null,
        1,
        2,
        1,
        1,
        1,
        1,
        1,
        1,
        1,
        1,
        1,
        1,
        null,
        1,
        1,
        1,
        1,
        1,
        1,
        1,
        null,
        null,
        null,
        1,
        1,
        1,
        1,
        1,
        1,
        1,
        null,
        null
      ],
      "/Users/lbjork/Desktop/mario-coffee/spec/models/product_spec.rb": [
        1,
        null,
        1,
        2,
        2,
        2,
        2,
        1,
        1,
        1,
        null,
        null
      ],
      "/Users/lbjork/Desktop/mario-coffee/spec/models/review_spec.rb": [
        1,
        null,
        1,
        2,
        2,
        2,
        2,
        2,
        2,
        2,
        2,
        null
      ],
      "/Users/lbjork/Desktop/mario-coffee/spec/models/user_spec.rb": [
        1,
        null,
        1,
        2,
        2,
        2,
        2,
        null
      ]
    },
    "timestamp": 1580085314
  }
}
